  pch.cpp
C:\Users\lyd02\OneDrive\Documents\GitHub\StarChess\01_WinMain\Figure.h(42,14): warning C4244: '초기화 중': 'int'에서 'float'(으)로 변환하면서 데이터가 손실될 수 있습니다.
C:\Users\lyd02\OneDrive\Documents\GitHub\StarChess\01_WinMain\Figure.h(43,15): warning C4244: '초기화 중': 'int'에서 'float'(으)로 변환하면서 데이터가 손실될 수 있습니다.
  01_WinMain.cpp
C:\Users\lyd02\OneDrive\Documents\GitHub\StarChess\01_WinMain\01_WinMain.cpp(114,16): warning C4244: 'return': 'WPARAM'에서 'int'(으)로 변환하면서 데이터가 손실될 수 있습니다.
  Bullet.cpp
C:\Users\lyd02\OneDrive\Documents\GitHub\StarChess\01_WinMain\Bullet.cpp(14,24): warning C4244: '=': 'float'에서 'int'(으)로 변환하면서 데이터가 손실될 수 있습니다.
C:\Users\lyd02\OneDrive\Documents\GitHub\StarChess\01_WinMain\Bullet.cpp(15,24): warning C4244: '=': 'float'에서 'int'(으)로 변환하면서 데이터가 손실될 수 있습니다.
C:\Users\lyd02\OneDrive\Documents\GitHub\StarChess\01_WinMain\Bullet.cpp(28,58): warning C4244: '인수': 'float'에서 'int'(으)로 변환하면서 데이터가 손실될 수 있습니다.
C:\Users\lyd02\OneDrive\Documents\GitHub\StarChess\01_WinMain\Bullet.cpp(28,41): warning C4244: '인수': 'float'에서 'int'(으)로 변환하면서 데이터가 손실될 수 있습니다.
C:\Users\lyd02\OneDrive\Documents\GitHub\StarChess\01_WinMain\Bullet.cpp(33,36): warning C4244: '인수': 'int'에서 'float'(으)로 변환하면서 데이터가 손실될 수 있습니다.
C:\Users\lyd02\OneDrive\Documents\GitHub\StarChess\01_WinMain\Bullet.cpp(33,26): warning C4244: '인수': 'int'에서 'float'(으)로 변환하면서 데이터가 손실될 수 있습니다.
C:\Users\lyd02\OneDrive\Documents\GitHub\StarChess\01_WinMain\Bullet.cpp(34,41): warning C4244: '+=': 'float'에서 'int'(으)로 변환하면서 데이터가 손실될 수 있습니다.
C:\Users\lyd02\OneDrive\Documents\GitHub\StarChess\01_WinMain\Bullet.cpp(35,41): warning C4244: '-=': 'float'에서 'int'(으)로 변환하면서 데이터가 손실될 수 있습니다.
  Image.cpp
  ImageManager.cpp
  Input.cpp
  MainGame + MainProc.cpp
  MainGame.cpp
  Math.cpp
C:\Users\lyd02\OneDrive\Documents\GitHub\StarChess\01_WinMain\Math.cpp(39,14): warning C4244: '초기화 중': 'double'에서 'float'(으)로 변환하면서 데이터가 손실될 수 있습니다.
  UImanager.cpp
  UI_WaitingRoom.cpp
  Unit.cpp
C:\Users\lyd02\OneDrive\Documents\GitHub\StarChess\01_WinMain\Unit.cpp(20,42): warning C4244: '인수': 'float'에서 'int'(으)로 변환하면서 데이터가 손실될 수 있습니다.
C:\Users\lyd02\OneDrive\Documents\GitHub\StarChess\01_WinMain\Unit.cpp(20,33): warning C4244: '인수': 'float'에서 'int'(으)로 변환하면서 데이터가 손실될 수 있습니다.
C:\Users\lyd02\OneDrive\Documents\GitHub\StarChess\01_WinMain\Unit.cpp(24,76): warning C4267: '인수': 'size_t'에서 'int'(으)로 변환하면서 데이터가 손실될 수 있습니다.
C:\Users\lyd02\OneDrive\Documents\GitHub\StarChess\01_WinMain\Unit.cpp(24,29): warning C4244: '인수': 'float'에서 'int'(으)로 변환하면서 데이터가 손실될 수 있습니다.
C:\Users\lyd02\OneDrive\Documents\GitHub\StarChess\01_WinMain\Unit.cpp(24,20): warning C4244: '인수': 'float'에서 'int'(으)로 변환하면서 데이터가 손실될 수 있습니다.
C:\Users\lyd02\OneDrive\Documents\GitHub\StarChess\01_WinMain\Unit.cpp(29,31): warning C4244: '인수': 'float'에서 'int'(으)로 변환하면서 데이터가 손실될 수 있습니다.
C:\Users\lyd02\OneDrive\Documents\GitHub\StarChess\01_WinMain\Unit.cpp(29,21): warning C4244: '인수': 'float'에서 'int'(으)로 변환하면서 데이터가 손실될 수 있습니다.
C:\Users\lyd02\OneDrive\Documents\GitHub\StarChess\01_WinMain\Unit.cpp(32,31): warning C4244: '인수': 'float'에서 'int'(으)로 변환하면서 데이터가 손실될 수 있습니다.
C:\Users\lyd02\OneDrive\Documents\GitHub\StarChess\01_WinMain\Unit.cpp(32,21): warning C4244: '인수': 'float'에서 'int'(으)로 변환하면서 데이터가 손실될 수 있습니다.
C:\Users\lyd02\OneDrive\Documents\GitHub\StarChess\01_WinMain\Unit.cpp(35,31): warning C4244: '인수': 'float'에서 'int'(으)로 변환하면서 데이터가 손실될 수 있습니다.
C:\Users\lyd02\OneDrive\Documents\GitHub\StarChess\01_WinMain\Unit.cpp(35,21): warning C4244: '인수': 'float'에서 'int'(으)로 변환하면서 데이터가 손실될 수 있습니다.
C:\Users\lyd02\OneDrive\Documents\GitHub\StarChess\01_WinMain\Unit.cpp(39,114): warning C4267: '인수': 'size_t'에서 'int'(으)로 변환하면서 데이터가 손실될 수 있습니다.
C:\Users\lyd02\OneDrive\Documents\GitHub\StarChess\01_WinMain\Unit.cpp(39,29): warning C4244: '인수': 'float'에서 'int'(으)로 변환하면서 데이터가 손실될 수 있습니다.
C:\Users\lyd02\OneDrive\Documents\GitHub\StarChess\01_WinMain\Unit.cpp(39,20): warning C4244: '인수': 'float'에서 'int'(으)로 변환하면서 데이터가 손실될 수 있습니다.
C:\Users\lyd02\OneDrive\Documents\GitHub\StarChess\01_WinMain\Unit.cpp(40,117): warning C4267: '인수': 'size_t'에서 'int'(으)로 변환하면서 데이터가 손실될 수 있습니다.
C:\Users\lyd02\OneDrive\Documents\GitHub\StarChess\01_WinMain\Unit.cpp(40,29): warning C4244: '인수': 'float'에서 'int'(으)로 변환하면서 데이터가 손실될 수 있습니다.
C:\Users\lyd02\OneDrive\Documents\GitHub\StarChess\01_WinMain\Unit.cpp(40,20): warning C4244: '인수': 'float'에서 'int'(으)로 변환하면서 데이터가 손실될 수 있습니다.
C:\Users\lyd02\OneDrive\Documents\GitHub\StarChess\01_WinMain\Unit.cpp(42,133): warning C4267: '인수': 'size_t'에서 'int'(으)로 변환하면서 데이터가 손실될 수 있습니다.
C:\Users\lyd02\OneDrive\Documents\GitHub\StarChess\01_WinMain\Unit.cpp(42,29): warning C4244: '인수': 'float'에서 'int'(으)로 변환하면서 데이터가 손실될 수 있습니다.
C:\Users\lyd02\OneDrive\Documents\GitHub\StarChess\01_WinMain\Unit.cpp(42,20): warning C4244: '인수': 'float'에서 'int'(으)로 변환하면서 데이터가 손실될 수 있습니다.
C:\Users\lyd02\OneDrive\Documents\GitHub\StarChess\01_WinMain\Unit.cpp(43,125): warning C4267: '인수': 'size_t'에서 'int'(으)로 변환하면서 데이터가 손실될 수 있습니다.
C:\Users\lyd02\OneDrive\Documents\GitHub\StarChess\01_WinMain\Unit.cpp(43,29): warning C4244: '인수': 'float'에서 'int'(으)로 변환하면서 데이터가 손실될 수 있습니다.
C:\Users\lyd02\OneDrive\Documents\GitHub\StarChess\01_WinMain\Unit.cpp(43,20): warning C4244: '인수': 'float'에서 'int'(으)로 변환하면서 데이터가 손실될 수 있습니다.
C:\Users\lyd02\OneDrive\Documents\GitHub\StarChess\01_WinMain\Unit.cpp(49,88): warning C4244: '인수': 'float'에서 'int'(으)로 변환하면서 데이터가 손실될 수 있습니다.
C:\Users\lyd02\OneDrive\Documents\GitHub\StarChess\01_WinMain\Unit.cpp(49,80): warning C4244: '인수': 'float'에서 'int'(으)로 변환하면서 데이터가 손실될 수 있습니다.
C:\Users\lyd02\OneDrive\Documents\GitHub\StarChess\01_WinMain\Unit.cpp(53,81): warning C4244: '인수': 'float'에서 'int'(으)로 변환하면서 데이터가 손실될 수 있습니다.
C:\Users\lyd02\OneDrive\Documents\GitHub\StarChess\01_WinMain\Unit.cpp(53,74): warning C4244: '인수': 'float'에서 'int'(으)로 변환하면서 데이터가 손실될 수 있습니다.
C:\Users\lyd02\OneDrive\Documents\GitHub\StarChess\01_WinMain\Unit.cpp(54,64): warning C4244: '인수': 'float'에서 'int'(으)로 변환하면서 데이터가 손실될 수 있습니다.
C:\Users\lyd02\OneDrive\Documents\GitHub\StarChess\01_WinMain\Unit.cpp(56,63): warning C4244: '인수': 'float'에서 'int'(으)로 변환하면서 데이터가 손실될 수 있습니다.
C:\Users\lyd02\OneDrive\Documents\GitHub\StarChess\01_WinMain\Unit.cpp(57,61): warning C4244: '인수': 'float'에서 'int'(으)로 변환하면서 데이터가 손실될 수 있습니다.
C:\Users\lyd02\OneDrive\Documents\GitHub\StarChess\01_WinMain\Unit.cpp(84,41): warning C4244: '인수': 'float'에서 'int'(으)로 변환하면서 데이터가 손실될 수 있습니다.
C:\Users\lyd02\OneDrive\Documents\GitHub\StarChess\01_WinMain\Unit.cpp(84,33): warning C4244: '인수': 'float'에서 'int'(으)로 변환하면서 데이터가 손실될 수 있습니다.
C:\Users\lyd02\OneDrive\Documents\GitHub\StarChess\01_WinMain\Unit.cpp(84,29): warning C4244: '인수': 'float'에서 'int'(으)로 변환하면서 데이터가 손실될 수 있습니다.
C:\Users\lyd02\OneDrive\Documents\GitHub\StarChess\01_WinMain\Unit.cpp(84,25): warning C4244: '인수': 'float'에서 'int'(으)로 변환하면서 데이터가 손실될 수 있습니다.
C:\Users\lyd02\OneDrive\Documents\GitHub\StarChess\01_WinMain\Unit.cpp(95,55): warning C4244: '인수': 'float'에서 'int'(으)로 변환하면서 데이터가 손실될 수 있습니다.
C:\Users\lyd02\OneDrive\Documents\GitHub\StarChess\01_WinMain\Unit.cpp(95,51): warning C4244: '인수': 'float'에서 'int'(으)로 변환하면서 데이터가 손실될 수 있습니다.
C:\Users\lyd02\OneDrive\Documents\GitHub\StarChess\01_WinMain\Unit.cpp(95,47): warning C4244: '인수': 'float'에서 'int'(으)로 변환하면서 데이터가 손실될 수 있습니다.
C:\Users\lyd02\OneDrive\Documents\GitHub\StarChess\01_WinMain\Unit.cpp(99,43): warning C4244: '인수': 'float'에서 'int'(으)로 변환하면서 데이터가 손실될 수 있습니다.
C:\Users\lyd02\OneDrive\Documents\GitHub\StarChess\01_WinMain\Unit.cpp(99,35): warning C4244: '인수': 'float'에서 'int'(으)로 변환하면서 데이터가 손실될 수 있습니다.
C:\Users\lyd02\OneDrive\Documents\GitHub\StarChess\01_WinMain\Unit.cpp(99,31): warning C4244: '인수': 'float'에서 'int'(으)로 변환하면서 데이터가 손실될 수 있습니다.
C:\Users\lyd02\OneDrive\Documents\GitHub\StarChess\01_WinMain\Unit.cpp(99,27): warning C4244: '인수': 'float'에서 'int'(으)로 변환하면서 데이터가 손실될 수 있습니다.
C:\Users\lyd02\OneDrive\Documents\GitHub\StarChess\01_WinMain\Unit.cpp(117,7): warning C4244: '=': 'int'에서 'float'(으)로 변환하면서 데이터가 손실될 수 있습니다.
C:\Users\lyd02\OneDrive\Documents\GitHub\StarChess\01_WinMain\Unit.cpp(118,7): warning C4244: '=': 'int'에서 'float'(으)로 변환하면서 데이터가 손실될 수 있습니다.
C:\Users\lyd02\OneDrive\Documents\GitHub\StarChess\01_WinMain\Unit.cpp(119,41): warning C4244: '인수': 'float'에서 'int'(으)로 변환하면서 데이터가 손실될 수 있습니다.
C:\Users\lyd02\OneDrive\Documents\GitHub\StarChess\01_WinMain\Unit.cpp(119,33): warning C4244: '인수': 'float'에서 'int'(으)로 변환하면서 데이터가 손실될 수 있습니다.
C:\Users\lyd02\OneDrive\Documents\GitHub\StarChess\01_WinMain\Unit.cpp(119,29): warning C4244: '인수': 'float'에서 'int'(으)로 변환하면서 데이터가 손실될 수 있습니다.
C:\Users\lyd02\OneDrive\Documents\GitHub\StarChess\01_WinMain\Unit.cpp(119,25): warning C4244: '인수': 'float'에서 'int'(으)로 변환하면서 데이터가 손실될 수 있습니다.
  Random.cpp
C:\Users\lyd02\OneDrive\Documents\GitHub\StarChess\01_WinMain\Random.cpp(9,12): warning C4244: '인수': 'time_t'에서 'unsigned int'(으)로 변환하면서 데이터가 손실될 수 있습니다.
  UI.cpp
  UI_Board.cpp
C:\Users\lyd02\OneDrive\Documents\GitHub\StarChess\01_WinMain\UI_Board.cpp(242,105): warning C4267: '인수': 'size_t'에서 'int'(으)로 변환하면서 데이터가 손실될 수 있습니다.
C:\Users\lyd02\OneDrive\Documents\GitHub\StarChess\01_WinMain\UI_Board.cpp(243,86): warning C4267: '인수': 'size_t'에서 'int'(으)로 변환하면서 데이터가 손실될 수 있습니다.
  UI_store.cpp
  Unit_Carrier.cpp
C:\Users\lyd02\OneDrive\Documents\GitHub\StarChess\01_WinMain\Unit_Carrier.cpp(9,7): warning C4244: '=': 'int'에서 'float'(으)로 변환하면서 데이터가 손실될 수 있습니다.
C:\Users\lyd02\OneDrive\Documents\GitHub\StarChess\01_WinMain\Unit_Carrier.cpp(10,7): warning C4244: '=': 'int'에서 'float'(으)로 변환하면서 데이터가 손실될 수 있습니다.
C:\Users\lyd02\OneDrive\Documents\GitHub\StarChess\01_WinMain\Unit_Carrier.cpp(18,12): warning C4244: '=': 'int'에서 'float'(으)로 변환하면서 데이터가 손실될 수 있습니다.
C:\Users\lyd02\OneDrive\Documents\GitHub\StarChess\01_WinMain\Unit_Carrier.cpp(19,12): warning C4244: '=': 'int'에서 'float'(으)로 변환하면서 데이터가 손실될 수 있습니다.
C:\Users\lyd02\OneDrive\Documents\GitHub\StarChess\01_WinMain\Unit_Carrier.cpp(25,12): warning C4244: '=': 'int'에서 'float'(으)로 변환하면서 데이터가 손실될 수 있습니다.
C:\Users\lyd02\OneDrive\Documents\GitHub\StarChess\01_WinMain\Unit_Carrier.cpp(26,12): warning C4244: '=': 'int'에서 'float'(으)로 변환하면서 데이터가 손실될 수 있습니다.
C:\Users\lyd02\OneDrive\Documents\GitHub\StarChess\01_WinMain\Unit_Carrier.cpp(32,12): warning C4244: '=': 'int'에서 'float'(으)로 변환하면서 데이터가 손실될 수 있습니다.
C:\Users\lyd02\OneDrive\Documents\GitHub\StarChess\01_WinMain\Unit_Carrier.cpp(33,12): warning C4244: '=': 'int'에서 'float'(으)로 변환하면서 데이터가 손실될 수 있습니다.
C:\Users\lyd02\OneDrive\Documents\GitHub\StarChess\01_WinMain\Unit_Carrier.cpp(36,41): warning C4244: '인수': 'float'에서 'int'(으)로 변환하면서 데이터가 손실될 수 있습니다.
C:\Users\lyd02\OneDrive\Documents\GitHub\StarChess\01_WinMain\Unit_Carrier.cpp(36,33): warning C4244: '인수': 'float'에서 'int'(으)로 변환하면서 데이터가 손실될 수 있습니다.
C:\Users\lyd02\OneDrive\Documents\GitHub\StarChess\01_WinMain\Unit_Carrier.cpp(36,29): warning C4244: '인수': 'float'에서 'int'(으)로 변환하면서 데이터가 손실될 수 있습니다.
C:\Users\lyd02\OneDrive\Documents\GitHub\StarChess\01_WinMain\Unit_Carrier.cpp(36,25): warning C4244: '인수': 'float'에서 'int'(으)로 변환하면서 데이터가 손실될 수 있습니다.
  Unit_Dragoon.cpp
C:\Users\lyd02\OneDrive\Documents\GitHub\StarChess\01_WinMain\Unit_Dragoon.cpp(13,7): warning C4244: '=': 'int'에서 'float'(으)로 변환하면서 데이터가 손실될 수 있습니다.
C:\Users\lyd02\OneDrive\Documents\GitHub\StarChess\01_WinMain\Unit_Dragoon.cpp(14,7): warning C4244: '=': 'int'에서 'float'(으)로 변환하면서 데이터가 손실될 수 있습니다.
C:\Users\lyd02\OneDrive\Documents\GitHub\StarChess\01_WinMain\Unit_Dragoon.cpp(34,34): warning C4244: '=': 'int'에서 'float'(으)로 변환하면서 데이터가 손실될 수 있습니다.
C:\Users\lyd02\OneDrive\Documents\GitHub\StarChess\01_WinMain\Unit_Dragoon.cpp(35,38): warning C4244: '인수': 'float'에서 'int'(으)로 변환하면서 데이터가 손실될 수 있습니다.
C:\Users\lyd02\OneDrive\Documents\GitHub\StarChess\01_WinMain\Unit_Dragoon.cpp(35,34): warning C4244: '인수': 'float'에서 'int'(으)로 변환하면서 데이터가 손실될 수 있습니다.
C:\Users\lyd02\OneDrive\Documents\GitHub\StarChess\01_WinMain\Unit_Dragoon.cpp(35,30): warning C4244: '인수': 'float'에서 'int'(으)로 변환하면서 데이터가 손실될 수 있습니다.
C:\Users\lyd02\OneDrive\Documents\GitHub\StarChess\01_WinMain\Unit_Dragoon.cpp(47,34): warning C4244: '=': 'int'에서 'float'(으)로 변환하면서 데이터가 손실될 수 있습니다.
C:\Users\lyd02\OneDrive\Documents\GitHub\StarChess\01_WinMain\Unit_Dragoon.cpp(48,38): warning C4244: '인수': 'float'에서 'int'(으)로 변환하면서 데이터가 손실될 수 있습니다.
C:\Users\lyd02\OneDrive\Documents\GitHub\StarChess\01_WinMain\Unit_Dragoon.cpp(48,34): warning C4244: '인수': 'float'에서 'int'(으)로 변환하면서 데이터가 손실될 수 있습니다.
C:\Users\lyd02\OneDrive\Documents\GitHub\StarChess\01_WinMain\Unit_Dragoon.cpp(48,30): warning C4244: '인수': 'float'에서 'int'(으)로 변환하면서 데이터가 손실될 수 있습니다.
C:\Users\lyd02\OneDrive\Documents\GitHub\StarChess\01_WinMain\Unit_Dragoon.cpp(60,34): warning C4244: '=': 'int'에서 'float'(으)로 변환하면서 데이터가 손실될 수 있습니다.
C:\Users\lyd02\OneDrive\Documents\GitHub\StarChess\01_WinMain\Unit_Dragoon.cpp(61,38): warning C4244: '인수': 'float'에서 'int'(으)로 변환하면서 데이터가 손실될 수 있습니다.
C:\Users\lyd02\OneDrive\Documents\GitHub\StarChess\01_WinMain\Unit_Dragoon.cpp(61,34): warning C4244: '인수': 'float'에서 'int'(으)로 변환하면서 데이터가 손실될 수 있습니다.
C:\Users\lyd02\OneDrive\Documents\GitHub\StarChess\01_WinMain\Unit_Dragoon.cpp(61,30): warning C4244: '인수': 'float'에서 'int'(으)로 변환하면서 데이터가 손실될 수 있습니다.
C:\Users\lyd02\OneDrive\Documents\GitHub\StarChess\01_WinMain\Unit_Dragoon.cpp(64,11): warning C4244: '=': 'int'에서 'float'(으)로 변환하면서 데이터가 손실될 수 있습니다.
C:\Users\lyd02\OneDrive\Documents\GitHub\StarChess\01_WinMain\Unit_Dragoon.cpp(65,11): warning C4244: '=': 'int'에서 'float'(으)로 변환하면서 데이터가 손실될 수 있습니다.
C:\Users\lyd02\OneDrive\Documents\GitHub\StarChess\01_WinMain\Unit_Dragoon.cpp(66,41): warning C4244: '인수': 'float'에서 'int'(으)로 변환하면서 데이터가 손실될 수 있습니다.
C:\Users\lyd02\OneDrive\Documents\GitHub\StarChess\01_WinMain\Unit_Dragoon.cpp(66,33): warning C4244: '인수': 'float'에서 'int'(으)로 변환하면서 데이터가 손실될 수 있습니다.
C:\Users\lyd02\OneDrive\Documents\GitHub\StarChess\01_WinMain\Unit_Dragoon.cpp(66,29): warning C4244: '인수': 'float'에서 'int'(으)로 변환하면서 데이터가 손실될 수 있습니다.
C:\Users\lyd02\OneDrive\Documents\GitHub\StarChess\01_WinMain\Unit_Dragoon.cpp(66,25): warning C4244: '인수': 'float'에서 'int'(으)로 변환하면서 데이터가 손실될 수 있습니다.
  Unit_Marine.cpp
C:\Users\lyd02\OneDrive\Documents\GitHub\StarChess\01_WinMain\Unit_Marine.cpp(13,7): warning C4244: '=': 'int'에서 'float'(으)로 변환하면서 데이터가 손실될 수 있습니다.
C:\Users\lyd02\OneDrive\Documents\GitHub\StarChess\01_WinMain\Unit_Marine.cpp(14,7): warning C4244: '=': 'int'에서 'float'(으)로 변환하면서 데이터가 손실될 수 있습니다.
C:\Users\lyd02\OneDrive\Documents\GitHub\StarChess\01_WinMain\Unit_Marine.cpp(32,33): warning C4244: '=': 'int'에서 'float'(으)로 변환하면서 데이터가 손실될 수 있습니다.
C:\Users\lyd02\OneDrive\Documents\GitHub\StarChess\01_WinMain\Unit_Marine.cpp(33,38): warning C4244: '인수': 'float'에서 'int'(으)로 변환하면서 데이터가 손실될 수 있습니다.
C:\Users\lyd02\OneDrive\Documents\GitHub\StarChess\01_WinMain\Unit_Marine.cpp(33,34): warning C4244: '인수': 'float'에서 'int'(으)로 변환하면서 데이터가 손실될 수 있습니다.
C:\Users\lyd02\OneDrive\Documents\GitHub\StarChess\01_WinMain\Unit_Marine.cpp(33,30): warning C4244: '인수': 'float'에서 'int'(으)로 변환하면서 데이터가 손실될 수 있습니다.
C:\Users\lyd02\OneDrive\Documents\GitHub\StarChess\01_WinMain\Unit_Marine.cpp(45,33): warning C4244: '=': 'int'에서 'float'(으)로 변환하면서 데이터가 손실될 수 있습니다.
C:\Users\lyd02\OneDrive\Documents\GitHub\StarChess\01_WinMain\Unit_Marine.cpp(46,38): warning C4244: '인수': 'float'에서 'int'(으)로 변환하면서 데이터가 손실될 수 있습니다.
C:\Users\lyd02\OneDrive\Documents\GitHub\StarChess\01_WinMain\Unit_Marine.cpp(46,34): warning C4244: '인수': 'float'에서 'int'(으)로 변환하면서 데이터가 손실될 수 있습니다.
C:\Users\lyd02\OneDrive\Documents\GitHub\StarChess\01_WinMain\Unit_Marine.cpp(46,30): warning C4244: '인수': 'float'에서 'int'(으)로 변환하면서 데이터가 손실될 수 있습니다.
C:\Users\lyd02\OneDrive\Documents\GitHub\StarChess\01_WinMain\Unit_Marine.cpp(58,34): warning C4244: '=': 'int'에서 'float'(으)로 변환하면서 데이터가 손실될 수 있습니다.
C:\Users\lyd02\OneDrive\Documents\GitHub\StarChess\01_WinMain\Unit_Marine.cpp(59,38): warning C4244: '인수': 'float'에서 'int'(으)로 변환하면서 데이터가 손실될 수 있습니다.
C:\Users\lyd02\OneDrive\Documents\GitHub\StarChess\01_WinMain\Unit_Marine.cpp(59,34): warning C4244: '인수': 'float'에서 'int'(으)로 변환하면서 데이터가 손실될 수 있습니다.
C:\Users\lyd02\OneDrive\Documents\GitHub\StarChess\01_WinMain\Unit_Marine.cpp(59,30): warning C4244: '인수': 'float'에서 'int'(으)로 변환하면서 데이터가 손실될 수 있습니다.
C:\Users\lyd02\OneDrive\Documents\GitHub\StarChess\01_WinMain\Unit_Marine.cpp(62,11): warning C4244: '=': 'int'에서 'float'(으)로 변환하면서 데이터가 손실될 수 있습니다.
C:\Users\lyd02\OneDrive\Documents\GitHub\StarChess\01_WinMain\Unit_Marine.cpp(63,11): warning C4244: '=': 'int'에서 'float'(으)로 변환하면서 데이터가 손실될 수 있습니다.
C:\Users\lyd02\OneDrive\Documents\GitHub\StarChess\01_WinMain\Unit_Marine.cpp(64,41): warning C4244: '인수': 'float'에서 'int'(으)로 변환하면서 데이터가 손실될 수 있습니다.
C:\Users\lyd02\OneDrive\Documents\GitHub\StarChess\01_WinMain\Unit_Marine.cpp(64,33): warning C4244: '인수': 'float'에서 'int'(으)로 변환하면서 데이터가 손실될 수 있습니다.
C:\Users\lyd02\OneDrive\Documents\GitHub\StarChess\01_WinMain\Unit_Marine.cpp(64,29): warning C4244: '인수': 'float'에서 'int'(으)로 변환하면서 데이터가 손실될 수 있습니다.
C:\Users\lyd02\OneDrive\Documents\GitHub\StarChess\01_WinMain\Unit_Marine.cpp(64,25): warning C4244: '인수': 'float'에서 'int'(으)로 변환하면서 데이터가 손실될 수 있습니다.
  Unit_Reaver.cpp
C:\Users\lyd02\OneDrive\Documents\GitHub\StarChess\01_WinMain\Unit_Reaver.cpp(9,7): warning C4244: '=': 'int'에서 'float'(으)로 변환하면서 데이터가 손실될 수 있습니다.
C:\Users\lyd02\OneDrive\Documents\GitHub\StarChess\01_WinMain\Unit_Reaver.cpp(10,7): warning C4244: '=': 'int'에서 'float'(으)로 변환하면서 데이터가 손실될 수 있습니다.
C:\Users\lyd02\OneDrive\Documents\GitHub\StarChess\01_WinMain\Unit_Reaver.cpp(31,11): warning C4244: '=': 'int'에서 'float'(으)로 변환하면서 데이터가 손실될 수 있습니다.
C:\Users\lyd02\OneDrive\Documents\GitHub\StarChess\01_WinMain\Unit_Reaver.cpp(32,11): warning C4244: '=': 'int'에서 'float'(으)로 변환하면서 데이터가 손실될 수 있습니다.
C:\Users\lyd02\OneDrive\Documents\GitHub\StarChess\01_WinMain\Unit_Reaver.cpp(33,41): warning C4244: '인수': 'float'에서 'int'(으)로 변환하면서 데이터가 손실될 수 있습니다.
C:\Users\lyd02\OneDrive\Documents\GitHub\StarChess\01_WinMain\Unit_Reaver.cpp(33,33): warning C4244: '인수': 'float'에서 'int'(으)로 변환하면서 데이터가 손실될 수 있습니다.
C:\Users\lyd02\OneDrive\Documents\GitHub\StarChess\01_WinMain\Unit_Reaver.cpp(33,29): warning C4244: '인수': 'float'에서 'int'(으)로 변환하면서 데이터가 손실될 수 있습니다.
C:\Users\lyd02\OneDrive\Documents\GitHub\StarChess\01_WinMain\Unit_Reaver.cpp(33,25): warning C4244: '인수': 'float'에서 'int'(으)로 변환하면서 데이터가 손실될 수 있습니다.
  Unit_Zealot.cpp
C:\Users\lyd02\OneDrive\Documents\GitHub\StarChess\01_WinMain\Unit_Zealot.cpp(13,7): warning C4244: '=': 'int'에서 'float'(으)로 변환하면서 데이터가 손실될 수 있습니다.
C:\Users\lyd02\OneDrive\Documents\GitHub\StarChess\01_WinMain\Unit_Zealot.cpp(14,7): warning C4244: '=': 'int'에서 'float'(으)로 변환하면서 데이터가 손실될 수 있습니다.
C:\Users\lyd02\OneDrive\Documents\GitHub\StarChess\01_WinMain\Unit_Zealot.cpp(32,29): warning C4244: '=': 'int'에서 'float'(으)로 변환하면서 데이터가 손실될 수 있습니다.
C:\Users\lyd02\OneDrive\Documents\GitHub\StarChess\01_WinMain\Unit_Zealot.cpp(33,38): warning C4244: '인수': 'float'에서 'int'(으)로 변환하면서 데이터가 손실될 수 있습니다.
C:\Users\lyd02\OneDrive\Documents\GitHub\StarChess\01_WinMain\Unit_Zealot.cpp(33,34): warning C4244: '인수': 'float'에서 'int'(으)로 변환하면서 데이터가 손실될 수 있습니다.
C:\Users\lyd02\OneDrive\Documents\GitHub\StarChess\01_WinMain\Unit_Zealot.cpp(33,30): warning C4244: '인수': 'float'에서 'int'(으)로 변환하면서 데이터가 손실될 수 있습니다.
C:\Users\lyd02\OneDrive\Documents\GitHub\StarChess\01_WinMain\Unit_Zealot.cpp(45,30): warning C4244: '=': 'int'에서 'float'(으)로 변환하면서 데이터가 손실될 수 있습니다.
C:\Users\lyd02\OneDrive\Documents\GitHub\StarChess\01_WinMain\Unit_Zealot.cpp(46,38): warning C4244: '인수': 'float'에서 'int'(으)로 변환하면서 데이터가 손실될 수 있습니다.
C:\Users\lyd02\OneDrive\Documents\GitHub\StarChess\01_WinMain\Unit_Zealot.cpp(46,34): warning C4244: '인수': 'float'에서 'int'(으)로 변환하면서 데이터가 손실될 수 있습니다.
C:\Users\lyd02\OneDrive\Documents\GitHub\StarChess\01_WinMain\Unit_Zealot.cpp(46,30): warning C4244: '인수': 'float'에서 'int'(으)로 변환하면서 데이터가 손실될 수 있습니다.
C:\Users\lyd02\OneDrive\Documents\GitHub\StarChess\01_WinMain\Unit_Zealot.cpp(58,30): warning C4244: '=': 'int'에서 'float'(으)로 변환하면서 데이터가 손실될 수 있습니다.
C:\Users\lyd02\OneDrive\Documents\GitHub\StarChess\01_WinMain\Unit_Zealot.cpp(59,38): warning C4244: '인수': 'float'에서 'int'(으)로 변환하면서 데이터가 손실될 수 있습니다.
C:\Users\lyd02\OneDrive\Documents\GitHub\StarChess\01_WinMain\Unit_Zealot.cpp(59,34): warning C4244: '인수': 'float'에서 'int'(으)로 변환하면서 데이터가 손실될 수 있습니다.
C:\Users\lyd02\OneDrive\Documents\GitHub\StarChess\01_WinMain\Unit_Zealot.cpp(59,30): warning C4244: '인수': 'float'에서 'int'(으)로 변환하면서 데이터가 손실될 수 있습니다.
C:\Users\lyd02\OneDrive\Documents\GitHub\StarChess\01_WinMain\Unit_Zealot.cpp(62,11): warning C4244: '=': 'int'에서 'float'(으)로 변환하면서 데이터가 손실될 수 있습니다.
C:\Users\lyd02\OneDrive\Documents\GitHub\StarChess\01_WinMain\Unit_Zealot.cpp(63,11): warning C4244: '=': 'int'에서 'float'(으)로 변환하면서 데이터가 손실될 수 있습니다.
C:\Users\lyd02\OneDrive\Documents\GitHub\StarChess\01_WinMain\Unit_Zealot.cpp(64,41): warning C4244: '인수': 'float'에서 'int'(으)로 변환하면서 데이터가 손실될 수 있습니다.
C:\Users\lyd02\OneDrive\Documents\GitHub\StarChess\01_WinMain\Unit_Zealot.cpp(64,33): warning C4244: '인수': 'float'에서 'int'(으)로 변환하면서 데이터가 손실될 수 있습니다.
C:\Users\lyd02\OneDrive\Documents\GitHub\StarChess\01_WinMain\Unit_Zealot.cpp(64,29): warning C4244: '인수': 'float'에서 'int'(으)로 변환하면서 데이터가 손실될 수 있습니다.
C:\Users\lyd02\OneDrive\Documents\GitHub\StarChess\01_WinMain\Unit_Zealot.cpp(64,25): warning C4244: '인수': 'float'에서 'int'(으)로 변환하면서 데이터가 손실될 수 있습니다.
  코드를 생성하고 있습니다...
  컴파일하고 있습니다...
  Unit_Zergling.cpp
C:\Users\lyd02\OneDrive\Documents\GitHub\StarChess\01_WinMain\Unit_Zergling.cpp(13,7): warning C4244: '=': 'int'에서 'float'(으)로 변환하면서 데이터가 손실될 수 있습니다.
C:\Users\lyd02\OneDrive\Documents\GitHub\StarChess\01_WinMain\Unit_Zergling.cpp(14,7): warning C4244: '=': 'int'에서 'float'(으)로 변환하면서 데이터가 손실될 수 있습니다.
C:\Users\lyd02\OneDrive\Documents\GitHub\StarChess\01_WinMain\Unit_Zergling.cpp(32,30): warning C4244: '=': 'int'에서 'float'(으)로 변환하면서 데이터가 손실될 수 있습니다.
C:\Users\lyd02\OneDrive\Documents\GitHub\StarChess\01_WinMain\Unit_Zergling.cpp(33,38): warning C4244: '인수': 'float'에서 'int'(으)로 변환하면서 데이터가 손실될 수 있습니다.
C:\Users\lyd02\OneDrive\Documents\GitHub\StarChess\01_WinMain\Unit_Zergling.cpp(33,34): warning C4244: '인수': 'float'에서 'int'(으)로 변환하면서 데이터가 손실될 수 있습니다.
C:\Users\lyd02\OneDrive\Documents\GitHub\StarChess\01_WinMain\Unit_Zergling.cpp(33,30): warning C4244: '인수': 'float'에서 'int'(으)로 변환하면서 데이터가 손실될 수 있습니다.
C:\Users\lyd02\OneDrive\Documents\GitHub\StarChess\01_WinMain\Unit_Zergling.cpp(45,30): warning C4244: '=': 'int'에서 'float'(으)로 변환하면서 데이터가 손실될 수 있습니다.
C:\Users\lyd02\OneDrive\Documents\GitHub\StarChess\01_WinMain\Unit_Zergling.cpp(46,38): warning C4244: '인수': 'float'에서 'int'(으)로 변환하면서 데이터가 손실될 수 있습니다.
C:\Users\lyd02\OneDrive\Documents\GitHub\StarChess\01_WinMain\Unit_Zergling.cpp(46,34): warning C4244: '인수': 'float'에서 'int'(으)로 변환하면서 데이터가 손실될 수 있습니다.
C:\Users\lyd02\OneDrive\Documents\GitHub\StarChess\01_WinMain\Unit_Zergling.cpp(46,30): warning C4244: '인수': 'float'에서 'int'(으)로 변환하면서 데이터가 손실될 수 있습니다.
C:\Users\lyd02\OneDrive\Documents\GitHub\StarChess\01_WinMain\Unit_Zergling.cpp(58,30): warning C4244: '=': 'int'에서 'float'(으)로 변환하면서 데이터가 손실될 수 있습니다.
C:\Users\lyd02\OneDrive\Documents\GitHub\StarChess\01_WinMain\Unit_Zergling.cpp(59,38): warning C4244: '인수': 'float'에서 'int'(으)로 변환하면서 데이터가 손실될 수 있습니다.
C:\Users\lyd02\OneDrive\Documents\GitHub\StarChess\01_WinMain\Unit_Zergling.cpp(59,34): warning C4244: '인수': 'float'에서 'int'(으)로 변환하면서 데이터가 손실될 수 있습니다.
C:\Users\lyd02\OneDrive\Documents\GitHub\StarChess\01_WinMain\Unit_Zergling.cpp(59,30): warning C4244: '인수': 'float'에서 'int'(으)로 변환하면서 데이터가 손실될 수 있습니다.
C:\Users\lyd02\OneDrive\Documents\GitHub\StarChess\01_WinMain\Unit_Zergling.cpp(62,11): warning C4244: '=': 'int'에서 'float'(으)로 변환하면서 데이터가 손실될 수 있습니다.
C:\Users\lyd02\OneDrive\Documents\GitHub\StarChess\01_WinMain\Unit_Zergling.cpp(63,11): warning C4244: '=': 'int'에서 'float'(으)로 변환하면서 데이터가 손실될 수 있습니다.
C:\Users\lyd02\OneDrive\Documents\GitHub\StarChess\01_WinMain\Unit_Zergling.cpp(64,41): warning C4244: '인수': 'float'에서 'int'(으)로 변환하면서 데이터가 손실될 수 있습니다.
C:\Users\lyd02\OneDrive\Documents\GitHub\StarChess\01_WinMain\Unit_Zergling.cpp(64,33): warning C4244: '인수': 'float'에서 'int'(으)로 변환하면서 데이터가 손실될 수 있습니다.
C:\Users\lyd02\OneDrive\Documents\GitHub\StarChess\01_WinMain\Unit_Zergling.cpp(64,29): warning C4244: '인수': 'float'에서 'int'(으)로 변환하면서 데이터가 손실될 수 있습니다.
C:\Users\lyd02\OneDrive\Documents\GitHub\StarChess\01_WinMain\Unit_Zergling.cpp(64,25): warning C4244: '인수': 'float'에서 'int'(으)로 변환하면서 데이터가 손실될 수 있습니다.
  코드를 생성하고 있습니다...
  01_WinMain.vcxproj -> C:\Users\lyd02\OneDrive\Documents\GitHub\StarChess\x64\Debug\01_WinMain.exe
